\BOOKMARK [0][-]{chapter.1}{Introduction}{}% 1
\BOOKMARK [1][-]{section.1.1}{Motivations}{chapter.1}% 2
\BOOKMARK [1][-]{section.1.2}{Context of the Project}{chapter.1}% 3
\BOOKMARK [1][-]{section.1.3}{Objectives and Contributions}{chapter.1}% 4
\BOOKMARK [1][-]{section.1.4}{Overview of thesis}{chapter.1}% 5
\BOOKMARK [0][-]{chapter.2}{State of Art}{}% 6
\BOOKMARK [1][-]{section.2.1}{NLP pipeline}{chapter.2}% 7
\BOOKMARK [2][-]{subsection.2.1.1}{Text Processing}{section.2.1}% 8
\BOOKMARK [2][-]{subsection.2.1.2}{Feature Extraction}{section.2.1}% 9
\BOOKMARK [2][-]{subsection.2.1.3}{Modeling}{section.2.1}% 10
\BOOKMARK [1][-]{section.2.2}{Text Data Visualization}{chapter.2}% 11
\BOOKMARK [2][-]{subsection.2.2.1}{Importance of Data Visualization}{section.2.2}% 12
\BOOKMARK [2][-]{subsection.2.2.2}{Tools used for Text Data Visualization}{section.2.2}% 13
\BOOKMARK [0][-]{chapter.3}{System's Artchitecture}{}% 14
\BOOKMARK [1][-]{section.3.1}{Insights Dashboard Architecture}{chapter.3}% 15
\BOOKMARK [1][-]{section.3.2}{Clustering System Artchitecture}{chapter.3}% 16
\BOOKMARK [0][-]{chapter.4}{Methodology}{}% 17
\BOOKMARK [1][-]{section.4.1}{Data Visualization \205 ELK Dashboard}{chapter.4}% 18
\BOOKMARK [1][-]{section.4.2}{Clustering}{chapter.4}% 19
\BOOKMARK [0][-]{chapter.5}{Results}{}% 20
\BOOKMARK [0][-]{chapter.6}{Conclusion}{}% 21
\BOOKMARK [0][-]{chapter.7}{References}{}% 22
